<?xml version="1.0" encoding="UTF-8"?>
<!-- Generated by org.testng.reporters.JUnitReportReporter -->
<testsuite hostname="DESKTOP-9JJ0T9Q" failures="0" tests="1" name="POM.TestCase_6_EmptyEmailidandPassword" time="91.484" errors="0" timestamp="2020-12-10T17:59:07 IST" skipped="0">
  <testcase classname="POM.TestCase_6_EmptyEmailidandPassword" name="EmptyEmailidandPassword" time="91.484"/>
  <system-out/>
</testsuite> <!-- POM.TestCase_6_EmptyEmailidandPassword -->
