<?xml version="1.0" encoding="UTF-8"?>
<!-- Generated by org.testng.reporters.JUnitReportReporter -->
<testsuite hostname="DESKTOP-9JJ0T9Q" failures="0" tests="1" name="TestNG.Locators.dataproperties.TestCase_1_ValidEmailidandPassword" time="215.541" errors="0" timestamp="2020-12-08T14:45:50 IST" skipped="0">
  <testcase classname="TestNG.Locators.dataproperties.TestCase_1_ValidEmailidandPassword" name="ValidEmailandPassword" time="215.541"/>
  <system-out/>
</testsuite> <!-- TestNG.Locators.dataproperties.TestCase_1_ValidEmailidandPassword -->
