<?xml version="1.0" encoding="UTF-8"?>
<!-- Generated by org.testng.reporters.JUnitReportReporter -->
<testsuite hostname="DESKTOP-9JJ0T9Q" failures="0" tests="1" name="MultipleClasses_Excel.TestCase_1_ValidEmailidandPassword" time="61.242" errors="0" timestamp="2020-12-15T12:42:04 IST" skipped="0">
  <testcase classname="MultipleClasses_Excel.TestCase_1_ValidEmailidandPassword" name="ValidEmailandPassword" time="61.242"/>
  <system-out/>
</testsuite> <!-- MultipleClasses_Excel.TestCase_1_ValidEmailidandPassword -->
