<?xml version="1.0" encoding="UTF-8"?>
<!-- Generated by org.testng.reporters.JUnitReportReporter -->
<testsuite hostname="DESKTOP-9JJ0T9Q" failures="0" tests="1" name="TestNG.Locators.dataproperties.TestCase_3_InvalidEmailid" time="147.831" errors="0" timestamp="2020-12-08T14:53:35 IST" skipped="0">
  <testcase classname="TestNG.Locators.dataproperties.TestCase_3_InvalidEmailid" name="InvalidEmail" time="147.831"/>
  <system-out/>
</testsuite> <!-- TestNG.Locators.dataproperties.TestCase_3_InvalidEmailid -->
