<?xml version="1.0" encoding="UTF-8"?>
<!-- Generated by org.testng.reporters.JUnitReportReporter -->
<testsuite hostname="DESKTOP-9JJ0T9Q" failures="0" tests="1" name="POM.TestCase_5_EmptyPassword" time="222.664" errors="0" timestamp="2020-12-10T17:48:33 IST" skipped="0">
  <testcase classname="POM.TestCase_5_EmptyPassword" name="EmptyPassword" time="222.664"/>
  <system-out/>
</testsuite> <!-- POM.TestCase_5_EmptyPassword -->
