<?xml version="1.0" encoding="UTF-8"?>
<!-- Generated by org.testng.reporters.JUnitReportReporter -->
<testsuite hostname="DESKTOP-9JJ0T9Q" failures="0" tests="1" name="TestNG.Excel.TestCase_5_EmptyPassword" time="25.962" errors="0" timestamp="2020-12-03T12:35:02 IST" skipped="0">
  <testcase classname="TestNG.Excel.TestCase_5_EmptyPassword" name="EmptyPassword" time="25.962"/>
  <system-out/>
</testsuite> <!-- TestNG.Excel.TestCase_5_EmptyPassword -->
