<?xml version="1.0" encoding="UTF-8"?>
<!-- Generated by org.testng.reporters.JUnitReportReporter -->
<testsuite hostname="DESKTOP-9JJ0T9Q" failures="0" tests="1" name="TestNG_dataProperties.TestCase_5_EmptyPassword" time="156.442" errors="0" timestamp="2020-12-02T11:08:38 IST" skipped="0">
  <testcase classname="TestNG_dataProperties.TestCase_5_EmptyPassword" name="EmptyPassword" time="156.442"/>
  <system-out/>
</testsuite> <!-- TestNG_dataProperties.TestCase_5_EmptyPassword -->
