<?xml version="1.0" encoding="UTF-8"?>
<!-- Generated by org.testng.reporters.JUnitReportReporter -->
<testsuite hostname="DESKTOP-9JJ0T9Q" failures="0" tests="1" name="TestNG_dataProperties.TestCase_3_InvalidEmailid" time="101.024" errors="0" timestamp="2020-12-02T10:59:57 IST" skipped="0">
  <testcase classname="TestNG_dataProperties.TestCase_3_InvalidEmailid" name="InvalidEmail" time="101.024"/>
  <system-out/>
</testsuite> <!-- TestNG_dataProperties.TestCase_3_InvalidEmailid -->
