<?xml version="1.0" encoding="UTF-8"?>
<!-- Generated by org.testng.reporters.JUnitReportReporter -->
<testsuite hostname="DESKTOP-9JJ0T9Q" failures="0" tests="1" name="TestNG.Locators.dataproperties.TestCase_5_EmptyPassword" time="186.066" errors="0" timestamp="2020-12-08T15:09:18 IST" skipped="0">
  <testcase classname="TestNG.Locators.dataproperties.TestCase_5_EmptyPassword" name="EmptyPassword" time="186.066"/>
  <system-out/>
</testsuite> <!-- TestNG.Locators.dataproperties.TestCase_5_EmptyPassword -->
