<?xml version="1.0" encoding="UTF-8"?>
<!-- Generated by org.testng.reporters.JUnitReportReporter -->
<testsuite hostname="DESKTOP-9JJ0T9Q" failures="0" tests="1" name="TestNG_dataProperties.TestCase_1_ValidEmailidandPassword" time="199.104" errors="0" timestamp="2020-12-02T10:38:07 IST" skipped="0">
  <testcase classname="TestNG_dataProperties.TestCase_1_ValidEmailidandPassword" name="ValidEmailandPassword" time="199.104"/>
  <system-out/>
</testsuite> <!-- TestNG_dataProperties.TestCase_1_ValidEmailidandPassword -->
