<?xml version="1.0" encoding="UTF-8"?>
<!-- Generated by org.testng.reporters.JUnitReportReporter -->
<testsuite hostname="DESKTOP-9JJ0T9Q" failures="0" tests="1" name="TestNG1.TestCase_4_EmptyEmailid" time="34.708" errors="0" timestamp="2020-12-01T18:45:24 IST" skipped="0">
  <testcase classname="TestNG1.TestCase_4_EmptyEmailid" name="EmptyEmailid" time="34.708"/>
  <system-out/>
</testsuite> <!-- TestNG1.TestCase_4_EmptyEmailid -->
