<?xml version="1.0" encoding="UTF-8"?>
<!-- Generated by org.testng.reporters.JUnitReportReporter -->
<testsuite hostname="DESKTOP-9JJ0T9Q" failures="0" tests="1" name="MultipleClasses_Excel.TestCase_1_ValidEmailidandPassword" time="77.129" errors="0" timestamp="2020-12-18T10:53:15 IST" skipped="0">
  <testcase classname="MultipleClasses_Excel.TestCase_1_ValidEmailidandPassword" name="ValidEmailandPassword" time="77.129"/>
  <system-out/>
</testsuite> <!-- MultipleClasses_Excel.TestCase_1_ValidEmailidandPassword -->
