<?xml version="1.0" encoding="UTF-8"?>
<!-- Generated by org.testng.reporters.JUnitReportReporter -->
<testsuite hostname="DESKTOP-9JJ0T9Q" failures="0" tests="1" name="TestNG.Locators.dataproperties.TestCase_2_RegisteredEmailid" time="144.213" errors="0" timestamp="2020-12-08T14:49:31 IST" skipped="0">
  <testcase classname="TestNG.Locators.dataproperties.TestCase_2_RegisteredEmailid" name="RegisteredEmail" time="144.213"/>
  <system-out/>
</testsuite> <!-- TestNG.Locators.dataproperties.TestCase_2_RegisteredEmailid -->
