<?xml version="1.0" encoding="UTF-8"?>
<!-- Generated by org.testng.reporters.JUnitReportReporter -->
<testsuite hostname="DESKTOP-9JJ0T9Q" failures="0" tests="1" name="TestNG.TestCase_3_InvalidEmailid" time="21.681" errors="0" timestamp="2020-12-01T17:50:54 IST" skipped="0">
  <testcase classname="TestNG.TestCase_3_InvalidEmailid" name="InvalidEmail" time="21.681"/>
  <system-out/>
</testsuite> <!-- TestNG.TestCase_3_InvalidEmailid -->
