<?xml version="1.0" encoding="UTF-8"?>
<!-- Generated by org.testng.reporters.JUnitReportReporter -->
<testsuite hostname="DESKTOP-9JJ0T9Q" failures="0" tests="1" name="TestNG.DP.TestCase_3_InvalidEmailid" time="29.045" errors="0" timestamp="2020-12-03T09:25:26 IST" skipped="0">
  <testcase classname="TestNG.DP.TestCase_3_InvalidEmailid" name="InvalidEmail" time="29.045"/>
  <system-out/>
</testsuite> <!-- TestNG.DP.TestCase_3_InvalidEmailid -->
