<?xml version="1.0" encoding="UTF-8"?>
<!-- Generated by org.testng.reporters.JUnitReportReporter -->
<testsuite hostname="DESKTOP-9JJ0T9Q" failures="0" tests="1" name="TestNG.Locators.dataproperties.TestCase_6_EmptyEmailidandPassword" time="166.672" errors="0" timestamp="2020-12-08T15:37:37 IST" skipped="0">
  <testcase classname="TestNG.Locators.dataproperties.TestCase_6_EmptyEmailidandPassword" name="EmptyEmailidandPassword" time="166.672"/>
  <system-out/>
</testsuite> <!-- TestNG.Locators.dataproperties.TestCase_6_EmptyEmailidandPassword -->
