<?xml version="1.0" encoding="UTF-8"?>
<!-- Generated by org.testng.reporters.JUnitReportReporter -->
<testsuite hostname="DESKTOP-9JJ0T9Q" failures="0" tests="1" name="TestNG.TestCase_2_RegisteredEmailid" time="30.714" errors="0" timestamp="2020-12-01T17:49:34 IST" skipped="0">
  <testcase classname="TestNG.TestCase_2_RegisteredEmailid" name="RegisteredEmail" time="30.714"/>
  <system-out/>
</testsuite> <!-- TestNG.TestCase_2_RegisteredEmailid -->
