<?xml version="1.0" encoding="UTF-8"?>
<!-- Generated by org.testng.reporters.JUnitReportReporter -->
<testsuite hostname="DESKTOP-9JJ0T9Q" failures="0" tests="1" name="MultipleClasses_Excel.TestCase_4_EmptyEmailid" time="60.125" errors="0" timestamp="2020-12-15T12:30:17 IST" skipped="0">
  <testcase classname="MultipleClasses_Excel.TestCase_4_EmptyEmailid" name="EmptyEmailid" time="60.125"/>
  <system-out/>
</testsuite> <!-- MultipleClasses_Excel.TestCase_4_EmptyEmailid -->
