<?xml version="1.0" encoding="UTF-8"?>
<!-- Generated by org.testng.reporters.JUnitReportReporter -->
<testsuite hostname="DESKTOP-9JJ0T9Q" failures="0" tests="1" name="TestNG.Excel.TestCase_3_InvalidEmailid" time="37.579" errors="0" timestamp="2020-12-03T12:02:18 IST" skipped="0">
  <testcase classname="TestNG.Excel.TestCase_3_InvalidEmailid" name="InvalidEmail" time="37.579"/>
  <system-out/>
</testsuite> <!-- TestNG.Excel.TestCase_3_InvalidEmailid -->
