<?xml version="1.0" encoding="UTF-8"?>
<!-- Generated by org.testng.reporters.JUnitReportReporter -->
<testsuite hostname="DESKTOP-9JJ0T9Q" failures="0" tests="1" name="TestNG.ExcelRead.TestCase_4_EmptyEmailid" time="34.023" errors="0" timestamp="2020-12-03T15:55:54 IST" skipped="0">
  <testcase classname="TestNG.ExcelRead.TestCase_4_EmptyEmailid" name="EmptyEmailid" time="34.023"/>
  <system-out/>
</testsuite> <!-- TestNG.ExcelRead.TestCase_4_EmptyEmailid -->
