<?xml version="1.0" encoding="UTF-8"?>
<!-- Generated by org.testng.reporters.JUnitReportReporter -->
<testsuite hostname="DESKTOP-9JJ0T9Q" failures="0" tests="1" name="TestNG.ExcelRead.TestCase_3_InvalidEmailid" time="34.281" errors="0" timestamp="2020-12-08T11:28:46 IST" skipped="0">
  <testcase classname="TestNG.ExcelRead.TestCase_3_InvalidEmailid" name="InvalidEmail" time="34.281"/>
  <system-out/>
</testsuite> <!-- TestNG.ExcelRead.TestCase_3_InvalidEmailid -->
