<?xml version="1.0" encoding="UTF-8"?>
<!-- Generated by org.testng.reporters.JUnitReportReporter -->
<testsuite hostname="DESKTOP-9JJ0T9Q" failures="0" tests="1" name="TestNG.TestCase_6_EmptyEmailidandPassword" time="22.211" errors="0" timestamp="2020-12-01T17:55:21 IST" skipped="0">
  <testcase classname="TestNG.TestCase_6_EmptyEmailidandPassword" name="EmptyEmailidandPassword" time="22.211"/>
  <system-out/>
</testsuite> <!-- TestNG.TestCase_6_EmptyEmailidandPassword -->
