<?xml version="1.0" encoding="UTF-8"?>
<!-- Generated by org.testng.reporters.JUnitReportReporter -->
<testsuite hostname="DESKTOP-9JJ0T9Q" failures="0" tests="1" name="TestNG.ExcelRead.TestCase_6_EmptyEmailidandPassword" time="37.692" errors="0" timestamp="2020-12-03T16:37:59 IST" skipped="0">
  <testcase classname="TestNG.ExcelRead.TestCase_6_EmptyEmailidandPassword" name="EmptyEmailidandPassword" time="37.692"/>
  <system-out/>
</testsuite> <!-- TestNG.ExcelRead.TestCase_6_EmptyEmailidandPassword -->
