<?xml version="1.0" encoding="UTF-8"?>
<!-- Generated by org.testng.reporters.JUnitReportReporter -->
<testsuite hostname="DESKTOP-9JJ0T9Q" failures="0" tests="1" name="TestNG.ExcelRead.TestCase_2_RegisteredEmailid" time="53.423" errors="0" timestamp="2020-12-03T15:09:14 IST" skipped="0">
  <testcase classname="TestNG.ExcelRead.TestCase_2_RegisteredEmailid" name="RegisteredEmail" time="53.423"/>
  <system-out/>
</testsuite> <!-- TestNG.ExcelRead.TestCase_2_RegisteredEmailid -->
