<?xml version="1.0" encoding="UTF-8"?>
<!-- Generated by org.testng.reporters.JUnitReportReporter -->
<testsuite hostname="DESKTOP-9JJ0T9Q" failures="0" tests="1" name="TestNG_dataProperties.TestCase_6_EmptyEmailidandPassword" time="40.400" errors="0" timestamp="2020-12-14T10:32:58 IST" skipped="0">
  <testcase classname="TestNG_dataProperties.TestCase_6_EmptyEmailidandPassword" name="EmptyEmailidandPassword" time="40.400"/>
  <system-out/>
</testsuite> <!-- TestNG_dataProperties.TestCase_6_EmptyEmailidandPassword -->
