<?xml version="1.0" encoding="UTF-8"?>
<!-- Generated by org.testng.reporters.JUnitReportReporter -->
<testsuite hostname="DESKTOP-9JJ0T9Q" failures="0" tests="1" name="POM.TestCase_1_ValidEmailidandPassword" time="26.549" errors="0" timestamp="2020-12-14T10:09:32 IST" skipped="0">
  <testcase classname="POM.TestCase_1_ValidEmailidandPassword" name="ValidEmailandPassword" time="26.549"/>
  <system-out/>
</testsuite> <!-- POM.TestCase_1_ValidEmailidandPassword -->
