<?xml version="1.0" encoding="UTF-8"?>
<!-- Generated by org.testng.reporters.JUnitReportReporter -->
<testsuite hostname="DESKTOP-9JJ0T9Q" failures="0" tests="1" name="TestNG.DP.TestCase_5_EmptyPassword" time="29.030" errors="0" timestamp="2020-12-03T09:32:06 IST" skipped="0">
  <testcase classname="TestNG.DP.TestCase_5_EmptyPassword" name="EmptyPassword" time="29.030"/>
  <system-out/>
</testsuite> <!-- TestNG.DP.TestCase_5_EmptyPassword -->
