<?xml version="1.0" encoding="UTF-8"?>
<!-- Generated by org.testng.reporters.JUnitReportReporter -->
<testsuite hostname="DESKTOP-9JJ0T9Q" failures="0" tests="1" name="TestNG1.TestCase_5_EmptyPassword" time="228.266" errors="0" timestamp="2020-12-01T18:49:53 IST" skipped="0">
  <testcase classname="TestNG1.TestCase_5_EmptyPassword" name="EmptyPassword" time="228.266"/>
  <system-out/>
</testsuite> <!-- TestNG1.TestCase_5_EmptyPassword -->
