<?xml version="1.0" encoding="UTF-8"?>
<!-- Generated by org.testng.reporters.JUnitReportReporter -->
<testsuite hostname="DESKTOP-9JJ0T9Q" failures="0" tests="1" name="POM.TestCase_4_EmptyEmailid" time="108.374" errors="0" timestamp="2020-12-10T17:34:22 IST" skipped="0">
  <testcase classname="POM.TestCase_4_EmptyEmailid" name="EmptyEmailid" time="108.374"/>
  <system-out/>
</testsuite> <!-- POM.TestCase_4_EmptyEmailid -->
