<?xml version="1.0" encoding="UTF-8"?>
<!-- Generated by org.testng.reporters.JUnitReportReporter -->
<testsuite hostname="DESKTOP-9JJ0T9Q" failures="0" tests="1" name="MultipleClasses_Excel.TestCase_6_EmptyEmailidandPassword" time="57.769" errors="0" timestamp="2020-12-18T10:53:16 IST" skipped="0">
  <testcase classname="MultipleClasses_Excel.TestCase_6_EmptyEmailidandPassword" name="EmptyEmailidandPassword" time="57.769"/>
  <system-out/>
</testsuite> <!-- MultipleClasses_Excel.TestCase_6_EmptyEmailidandPassword -->
