<?xml version="1.0" encoding="UTF-8"?>
<!-- Generated by org.testng.reporters.JUnitReportReporter -->
<testsuite hostname="DESKTOP-9JJ0T9Q" failures="0" tests="1" name="MultipleClasses_Excel.TestCase_6_EmptyEmailidandPassword" time="44.467" errors="0" timestamp="2020-12-15T12:32:24 IST" skipped="0">
  <testcase classname="MultipleClasses_Excel.TestCase_6_EmptyEmailidandPassword" name="EmptyEmailidandPassword" time="44.467"/>
  <system-out/>
</testsuite> <!-- MultipleClasses_Excel.TestCase_6_EmptyEmailidandPassword -->
