<?xml version="1.0" encoding="UTF-8"?>
<!-- Generated by org.testng.reporters.JUnitReportReporter -->
<testsuite hostname="DESKTOP-9JJ0T9Q" failures="0" tests="1" name="TestNG.ExcelRead.TestCase_1_ValidEmailidandPassword" time="33.902" errors="0" timestamp="2020-12-03T13:22:29 IST" skipped="0">
  <testcase classname="TestNG.ExcelRead.TestCase_1_ValidEmailidandPassword" name="ValidEmailandPassword" time="33.902"/>
  <system-out/>
</testsuite> <!-- TestNG.ExcelRead.TestCase_1_ValidEmailidandPassword -->
