<?xml version="1.0" encoding="UTF-8"?>
<!-- Generated by org.testng.reporters.JUnitReportReporter -->
<testsuite hostname="DESKTOP-9JJ0T9Q" failures="0" tests="1" name="TestNG.TestCase_4_EmptyEmailid" time="32.114" errors="0" timestamp="2020-12-01T17:52:59 IST" skipped="0">
  <testcase classname="TestNG.TestCase_4_EmptyEmailid" name="EmptyEmailid" time="32.114"/>
  <system-out/>
</testsuite> <!-- TestNG.TestCase_4_EmptyEmailid -->
