<?xml version="1.0" encoding="UTF-8"?>
<!-- Generated by org.testng.reporters.JUnitReportReporter -->
<testsuite hostname="DESKTOP-9JJ0T9Q" failures="0" tests="1" name="TestNG.TestCase_5_EmptyPassword" time="21.905" errors="0" timestamp="2020-12-01T17:54:14 IST" skipped="0">
  <testcase classname="TestNG.TestCase_5_EmptyPassword" name="EmptyPassword" time="21.905"/>
  <system-out/>
</testsuite> <!-- TestNG.TestCase_5_EmptyPassword -->
