<?xml version="1.0" encoding="UTF-8"?>
<!-- Generated by org.testng.reporters.JUnitReportReporter -->
<testsuite hostname="DESKTOP-9JJ0T9Q" failures="0" tests="1" name="TestNG.TestCase_1_ValidEmailidandPassword" time="31.684" errors="0" timestamp="2020-12-01T17:45:30 IST" skipped="0">
  <testcase classname="TestNG.TestCase_1_ValidEmailidandPassword" name="ValidEmailandPassword" time="31.684"/>
  <system-out/>
</testsuite> <!-- TestNG.TestCase_1_ValidEmailidandPassword -->
