<?xml version="1.0" encoding="UTF-8"?>
<!-- Generated by org.testng.reporters.JUnitReportReporter -->
<testsuite hostname="DESKTOP-9JJ0T9Q" failures="0" tests="1" name="POM.TestCase_2_RegisteredEmailid" time="128.962" errors="0" timestamp="2020-12-10T17:12:55 IST" skipped="0">
  <testcase classname="POM.TestCase_2_RegisteredEmailid" name="RegisteredEmail" time="128.962"/>
  <system-out/>
</testsuite> <!-- POM.TestCase_2_RegisteredEmailid -->
