<?xml version="1.0" encoding="UTF-8"?>
<!-- Generated by org.testng.reporters.JUnitReportReporter -->
<testsuite hostname="DESKTOP-9JJ0T9Q" failures="0" tests="1" name="MultipleClasses_Excel.TestCase_2_RegisteredEmailid" time="56.934" errors="0" timestamp="2020-12-18T10:53:16 IST" skipped="0">
  <testcase classname="MultipleClasses_Excel.TestCase_2_RegisteredEmailid" name="RegisteredEmail" time="56.934"/>
  <system-out/>
</testsuite> <!-- MultipleClasses_Excel.TestCase_2_RegisteredEmailid -->
