<?xml version="1.0" encoding="UTF-8"?>
<!-- Generated by org.testng.reporters.JUnitReportReporter -->
<testsuite hostname="DESKTOP-9JJ0T9Q" failures="0" tests="1" name="MultipleClasses_Excel.TestCase_5_EmptyPassword" time="47.693" errors="0" timestamp="2020-12-15T12:31:27 IST" skipped="0">
  <testcase classname="MultipleClasses_Excel.TestCase_5_EmptyPassword" name="EmptyPassword" time="47.693"/>
  <system-out/>
</testsuite> <!-- MultipleClasses_Excel.TestCase_5_EmptyPassword -->
