<?xml version="1.0" encoding="UTF-8"?>
<!-- Generated by org.testng.reporters.JUnitReportReporter -->
<testsuite hostname="DESKTOP-9JJ0T9Q" failures="0" tests="1" name="TestNG.DP.TestCase_6_EmptyEmailidandPassword" time="26.021" errors="0" timestamp="2020-12-03T09:33:44 IST" skipped="0">
  <testcase classname="TestNG.DP.TestCase_6_EmptyEmailidandPassword" name="EmptyEmailidandPassword" time="26.021"/>
  <system-out/>
</testsuite> <!-- TestNG.DP.TestCase_6_EmptyEmailidandPassword -->
