<?xml version="1.0" encoding="UTF-8"?>
<!-- Generated by org.testng.reporters.JUnitReportReporter -->
<testsuite hostname="DESKTOP-9JJ0T9Q" failures="0" tests="1" name="TestNG.Excel.TestCase_1_ValidEmailidandPassword" time="35.398" errors="0" timestamp="2020-12-03T10:33:17 IST" skipped="0">
  <testcase classname="TestNG.Excel.TestCase_1_ValidEmailidandPassword" name="ValidEmailandPassword" time="35.398"/>
  <system-out/>
</testsuite> <!-- TestNG.Excel.TestCase_1_ValidEmailidandPassword -->
