<?xml version="1.0" encoding="UTF-8"?>
<!-- Generated by org.testng.reporters.JUnitReportReporter -->
<testsuite hostname="DESKTOP-9JJ0T9Q" failures="0" tests="1" name="TestNG.DP.TestCase_1_ValidEmailidandPassword" time="44.882" errors="0" timestamp="2020-12-03T09:23:30 IST" skipped="0">
  <testcase classname="TestNG.DP.TestCase_1_ValidEmailidandPassword" name="ValidEmailandPassword" time="44.882"/>
  <system-out/>
</testsuite> <!-- TestNG.DP.TestCase_1_ValidEmailidandPassword -->
