<?xml version="1.0" encoding="UTF-8"?>
<!-- Generated by org.testng.reporters.JUnitReportReporter -->
<testsuite hostname="DESKTOP-9JJ0T9Q" failures="0" tests="1" name="MultipleClasses_Excel.TestCase_3_InvalidEmailid" time="71.179" errors="0" timestamp="2020-12-15T12:26:42 IST" skipped="0">
  <testcase classname="MultipleClasses_Excel.TestCase_3_InvalidEmailid" name="InvalidEmail" time="71.179"/>
  <system-out/>
</testsuite> <!-- MultipleClasses_Excel.TestCase_3_InvalidEmailid -->
