<?xml version="1.0" encoding="UTF-8"?>
<!-- Generated by org.testng.reporters.JUnitReportReporter -->
<testsuite hostname="DESKTOP-9JJ0T9Q" failures="0" tests="1" name="TestNG_dataProperties.TestCase_2_RegisteredEmailid" time="48.882" errors="0" timestamp="2020-12-14T10:22:34 IST" skipped="0">
  <testcase classname="TestNG_dataProperties.TestCase_2_RegisteredEmailid" name="RegisteredEmail" time="48.882"/>
  <system-out/>
</testsuite> <!-- TestNG_dataProperties.TestCase_2_RegisteredEmailid -->
